<?xml version="1.0" encoding="UTF-8"?>
<testng-results skipped="0" failed="0" total="1" passed="1">
  <reporter-output>
  </reporter-output>
  <suite name="Default suite" duration-ms="19398" started-at="2018-12-16T00:23:37Z" finished-at="2018-12-16T00:23:57Z">
    <groups>
    </groups>
    <test name="Default test" duration-ms="19398" started-at="2018-12-16T00:23:37Z" finished-at="2018-12-16T00:23:57Z">
      <class name="com.wdm.wdmtest.Snippet">
        <test-method status="PASS" signature="WebDriverManagerTest()[pri:0, instance:com.wdm.wdmtest.Snippet@4cc0edeb]" name="WebDriverManagerTest" duration-ms="19359" started-at="2018-12-15T19:23:37Z" finished-at="2018-12-15T19:23:57Z">
          <reporter-output>
          </reporter-output>
        </test-method> <!-- WebDriverManagerTest -->
      </class> <!-- com.wdm.wdmtest.Snippet -->
    </test> <!-- Default test -->
  </suite> <!-- Default suite -->
</testng-results>
